<?xml version="1.0" encoding="UTF-8"?>
<!-- Generated by org.testng.reporters.JUnitReportReporter -->
<testsuite hostname="Etienne" failures="0" tests="6" name="api.test.DataDrivenTests" time="5.104" errors="0" timestamp="2024-07-12T15:35:16 CEST" skipped="0">
  <testcase classname="api.test.DataDrivenTests" name="testCreateUser" time="0.590"/>
  <testcase classname="api.test.DataDrivenTests" name="testCreateUser" time="2.151"/>
  <testcase classname="api.test.DataDrivenTests" name="testCreateUser" time="0.720"/>
  <testcase classname="api.test.DataDrivenTests" name="test_DeleteUserByName" time="0.522"/>
  <testcase classname="api.test.DataDrivenTests" name="test_DeleteUserByName" time="0.618"/>
  <testcase classname="api.test.DataDrivenTests" name="test_DeleteUserByName" time="0.503"/>
</testsuite> <!-- api.test.DataDrivenTests -->
