<?xml version="1.0" encoding="UTF-8"?>
<!-- Generated by org.testng.reporters.JUnitReportReporter -->
<testsuite hostname="Etienne" failures="0" tests="4" name="api.test.UserTests" time="4.097" errors="0" timestamp="2024-07-12T17:20:09 CEST" skipped="0">
  <testcase classname="api.test.UserTests" name="test_createUser" time="1.713"/>
  <testcase classname="api.test.UserTests" name="test_getUserByName" time="0.522"/>
  <testcase classname="api.test.UserTests" name="test_updateUserByName" time="0.926"/>
  <testcase classname="api.test.UserTests" name="test_deleteUserByName" time="0.936"/>
</testsuite> <!-- api.test.UserTests -->
