<?xml version="1.0" encoding="UTF-8"?>
<!-- Generated by org.testng.reporters.JUnitReportReporter -->
<testsuite hostname="Etienne" failures="0" tests="4" name="api.test.UserTests_Properties" time="5.123" errors="0" timestamp="2024-07-16T11:09:38 CEST" skipped="0">
  <testcase classname="api.test.UserTests_Properties" name="test_createUser" time="2.427"/>
  <testcase classname="api.test.UserTests_Properties" name="test_getUserByName" time="0.543"/>
  <testcase classname="api.test.UserTests_Properties" name="test_updateUserByName" time="1.030"/>
  <testcase classname="api.test.UserTests_Properties" name="test_deleteUserByName" time="1.123"/>
</testsuite> <!-- api.test.UserTests_Properties -->
